<?xml version="1.0" encoding="UTF-8"?>
<testsuite xmlns:xsi="http://www.w3.org/2001/XMLSchema-instance" xsi:noNamespaceSchemaLocation="https://maven.apache.org/surefire/maven-surefire-plugin/xsd/surefire-test-report-3.0.xsd" version="3.0" name="com.example.restassured.RestTest" time="2.057" tests="2" errors="0" skipped="0" failures="0">
  <properties>
[...]
</properties>
  <testcase name="getPostById" classname="com.example.restassured.RestTest" time="1.375">
    <system-out><![CDATA[Request method:	GET
Request URI:	https://jsonplaceholder.typicode.com/posts/1?sample=value
Proxy:			<none>
Request params:	<none>
Query params:	sample=value
Form params:	<none>
Path params:	<none>
Headers:		Accept=*/*
Cookies:		<none>
Multiparts:		<none>
Body:			<none>
=== GET RESPONSE ===
Status Code: 200
Response Time: 881ms
Body:
{
    "userId": 1,
    "id": 1,
    "title": "sunt aut facere repellat provident occaecati excepturi optio reprehenderit",
    "body": "quia et suscipit\nsuscipit recusandae consequuntur expedita et cum\nreprehenderit molestiae ut ut quas totam\nnostrum rerum est autem sunt rem eveniet architecto"
}
]]></system-out>
  </testcase>
  <testcase name="loginMockPostRequest" classname="com.example.restassured.RestTest" time="0.528">
    <system-out><![CDATA[Request method:	POST
Request URI:	https://jsonplaceholder.typicode.com/posts
Proxy:			<none>
Request params:	<none>
Query params:	<none>
Form params:	<none>
Path params:	<none>
Headers:		Accept=*/*
				Content-Type=application/json
Cookies:		<none>
Multiparts:		<none>
Body:
{
    "title": "test title",
    "body": "test body",
    "userId": 1
}
=== POST RESPONSE ===
Status Code: 201
Response Time: 499ms
Body:
{
    "title": "test title",
    "body": "test body",
    "userId": 1,
    "id": 101
}
]]></system-out>
  </testcase>
</testsuite>